2022-07-20 21:55:03,507 - INFO - allennlp.common.params - random_seed = 13370
2022-07-20 21:55:03,507 - INFO - allennlp.common.params - numpy_seed = 1337
2022-07-20 21:55:03,507 - INFO - allennlp.common.params - pytorch_seed = 133
2022-07-20 21:55:03,508 - INFO - allennlp.common.checks - Pytorch version: 1.4.0
2022-07-20 21:55:03,508 - INFO - allennlp.common.params - type = default
2022-07-20 21:55:03,508 - INFO - allennlp.common.params - dataset_reader.type = snli
2022-07-20 21:55:03,509 - INFO - allennlp.common.params - dataset_reader.lazy = False
2022-07-20 21:55:03,509 - INFO - allennlp.common.params - dataset_reader.cache_directory = None
2022-07-20 21:55:03,509 - INFO - allennlp.common.params - dataset_reader.max_instances = None
2022-07-20 21:55:03,509 - INFO - allennlp.common.params - dataset_reader.tokenizer = None
2022-07-20 21:55:03,509 - INFO - allennlp.common.params - dataset_reader.token_indexers.tokens.type = single_id
2022-07-20 21:55:03,509 - INFO - allennlp.common.params - dataset_reader.token_indexers.tokens.namespace = tokens
2022-07-20 21:55:03,509 - INFO - allennlp.common.params - dataset_reader.token_indexers.tokens.lowercase_tokens = True
2022-07-20 21:55:03,509 - INFO - allennlp.common.params - dataset_reader.token_indexers.tokens.start_tokens = None
2022-07-20 21:55:03,509 - INFO - allennlp.common.params - dataset_reader.token_indexers.tokens.end_tokens = None
2022-07-20 21:55:03,509 - INFO - allennlp.common.params - dataset_reader.token_indexers.tokens.feature_name = text
2022-07-20 21:55:03,509 - INFO - allennlp.common.params - dataset_reader.token_indexers.tokens.default_value = THIS IS A REALLY UNLIKELY VALUE THAT HAS TO BE A STRING
2022-07-20 21:55:03,509 - INFO - allennlp.common.params - dataset_reader.token_indexers.tokens.token_min_padding_length = 0
2022-07-20 21:55:03,509 - INFO - allennlp.common.params - dataset_reader.combine_input_fields = None
2022-07-20 21:55:04,007 - INFO - allennlp.common.params - train_data_path = https://s3-us-west-2.amazonaws.com/allennlp/datasets/snli/snli_1.0_dev.jsonl
2022-07-20 21:55:04,007 - INFO - allennlp.common.params - vocabulary = None
2022-07-20 21:55:04,007 - INFO - allennlp.common.params - datasets_for_vocab_creation = None
2022-07-20 21:55:04,007 - INFO - allennlp.common.params - validation_dataset_reader = None
2022-07-20 21:55:04,007 - INFO - allennlp.common.params - validation_data_path = https://s3-us-west-2.amazonaws.com/allennlp/datasets/snli/snli_1.0_dev.jsonl
2022-07-20 21:55:04,007 - INFO - allennlp.common.params - validation_data_loader = None
2022-07-20 21:55:04,007 - INFO - allennlp.common.params - test_data_path = None
2022-07-20 21:55:04,007 - INFO - allennlp.common.params - evaluate_on_test = False
2022-07-20 21:55:04,008 - INFO - allennlp.training.util - Reading training data from https://s3-us-west-2.amazonaws.com/allennlp/datasets/snli/snli_1.0_dev.jsonl
2022-07-20 21:55:04,332 - INFO - allennlp.data.dataset_readers.snli - Reading SNLI instances from jsonl dataset at: /home/kevin/.allennlp/cache/d62e9805c21b0d8bc720ed5484b4907bbf740a2fe3351c8f41583822a54fbb76.07ccd1720fbe07137833cd627398fb7e2687bdcbad963d71cae8c97a37f76687
2022-07-20 21:55:07,138 - INFO - allennlp.training.util - Reading validation data from https://s3-us-west-2.amazonaws.com/allennlp/datasets/snli/snli_1.0_dev.jsonl
2022-07-20 21:55:07,467 - INFO - allennlp.data.dataset_readers.snli - Reading SNLI instances from jsonl dataset at: /home/kevin/.allennlp/cache/d62e9805c21b0d8bc720ed5484b4907bbf740a2fe3351c8f41583822a54fbb76.07ccd1720fbe07137833cd627398fb7e2687bdcbad963d71cae8c97a37f76687
2022-07-20 21:55:09,649 - INFO - allennlp.data.vocabulary - Fitting token dictionary from dataset.
2022-07-20 21:55:09,990 - INFO - allennlp.common.params - model.type = kevin_mod
2022-07-20 21:55:09,990 - INFO - allennlp.common.params - model.text_field_embedder.type = basic
2022-07-20 21:55:09,990 - INFO - allennlp.common.params - model.text_field_embedder.token_embedders.tokens.type = embedding
2022-07-20 21:55:09,991 - INFO - allennlp.common.params - model.text_field_embedder.token_embedders.tokens.embedding_dim = 300
2022-07-20 21:55:09,991 - INFO - allennlp.common.params - model.text_field_embedder.token_embedders.tokens.num_embeddings = None
2022-07-20 21:55:09,991 - INFO - allennlp.common.params - model.text_field_embedder.token_embedders.tokens.projection_dim = 200
2022-07-20 21:55:09,991 - INFO - allennlp.common.params - model.text_field_embedder.token_embedders.tokens.weight = None
2022-07-20 21:55:09,991 - INFO - allennlp.common.params - model.text_field_embedder.token_embedders.tokens.padding_index = None
2022-07-20 21:55:09,991 - INFO - allennlp.common.params - model.text_field_embedder.token_embedders.tokens.trainable = False
2022-07-20 21:55:09,991 - INFO - allennlp.common.params - model.text_field_embedder.token_embedders.tokens.max_norm = None
2022-07-20 21:55:09,991 - INFO - allennlp.common.params - model.text_field_embedder.token_embedders.tokens.norm_type = 2.0
2022-07-20 21:55:09,991 - INFO - allennlp.common.params - model.text_field_embedder.token_embedders.tokens.scale_grad_by_freq = False
2022-07-20 21:55:09,991 - INFO - allennlp.common.params - model.text_field_embedder.token_embedders.tokens.sparse = False
2022-07-20 21:55:09,991 - INFO - allennlp.common.params - model.text_field_embedder.token_embedders.tokens.vocab_namespace = tokens
2022-07-20 21:55:09,991 - INFO - allennlp.common.params - model.text_field_embedder.token_embedders.tokens.pretrained_file = https://allennlp.s3.amazonaws.com/datasets/glove/glove.840B.300d.txt.gz
2022-07-20 21:55:09,992 - INFO - allennlp.modules.token_embedders.embedding - Reading pretrained embeddings from file
2022-07-20 21:55:10,362 - INFO - allennlp.common.file_utils - https://allennlp.s3.amazonaws.com/datasets/glove/glove.840B.300d.txt.gz not found in cache, downloading to /tmp/tmp8nanj1ow
2022-07-20 21:58:28,877 - INFO - allennlp.common.file_utils - copying /tmp/tmp8nanj1ow to cache at /home/kevin/.allennlp/cache/a21f3138db1e7a0f6259a4a0b086099b50c73101bbe4182ba8688f41348388a3.8de7c14eda15038006ebf553b708bcae9c046b2ecf71dbbbedd8b0b9d0d0a621
2022-07-20 21:58:34,881 - INFO - allennlp.common.file_utils - creating metadata file for /home/kevin/.allennlp/cache/a21f3138db1e7a0f6259a4a0b086099b50c73101bbe4182ba8688f41348388a3.8de7c14eda15038006ebf553b708bcae9c046b2ecf71dbbbedd8b0b9d0d0a621
2022-07-20 21:58:34,882 - INFO - allennlp.common.file_utils - removing temp file /tmp/tmp8nanj1ow
2022-07-20 21:59:11,415 - INFO - allennlp.modules.token_embedders.embedding - Initializing pre-trained embedding layer
2022-07-20 21:59:11,485 - INFO - allennlp.modules.token_embedders.embedding - Pretrained embeddings were found for 6259 out of 6316 tokens
